<?xml version="1.0" encoding="UTF-8"?>
<!-- Generated by org.testng.reporters.JUnitXMLReporter -->
<testsuite ignored="0" hostname="DESKTOP-DIG940R" failures="0" tests="3" name="Default test" time="31.997" errors="0" timestamp="2022-11-03T11:57:21 IST">
  <testcase classname="testNG.FirstTest" name="firstTestCase" time="21.459">
    <skipped/>
  </testcase> <!-- firstTestCase -->
  <testcase classname="testNG.FirstTest" name="firstTestCase" time="3.155">
    <skipped/>
  </testcase> <!-- firstTestCase -->
  <testcase classname="testNG.FirstTest" name="firstTestCase" time="2.877">
    <skipped/>
  </testcase> <!-- firstTestCase -->
</testsuite> <!-- Default test -->
