<?xml version="1.0" encoding="UTF-8"?>
<!-- Generated by org.testng.reporters.JUnitXMLReporter -->
<testsuite ignored="2" hostname="DESKTOP-DIG940R" failures="0" tests="2" name="Test" time="0.1" errors="0" timestamp="2022-10-31T07:38:07 IST">
  <testcase classname="testNG.UnitRegressionTest" name="demoTest1" time="0.012"/>
  <testcase classname="testNG.UnitRegressionTest" name="demoTest4" time="0.011"/>
  <testcase classname="testNG.UnitRegressionTest" name="demoTest3" time="0.0">
    <ignored/>
  </testcase> <!-- demoTest3 -->
  <testcase classname="testNG.UnitRegressionTest" name="demoTest2" time="0.0">
    <ignored/>
  </testcase> <!-- demoTest2 -->
</testsuite> <!-- Test -->
